<?xml version="1.0" encoding="UTF-8"?>
<!-- Generated by org.testng.reporters.JUnitReportReporter -->
<testsuite hostname="L7awati" failures="0" tests="2" name="variousCOncept.crmTEst" time="16.511" errors="0" timestamp="2024-01-28T02:35:19 CST" skipped="0">
  <testcase classname="variousCOncept.crmTEst" name="testLogin" time="13.530"/>
  <testcase classname="variousCOncept.crmTEst" name="testAlert" time="2.981"/>
</testsuite> <!-- variousCOncept.crmTEst -->
